  Books.cpp
c:\users\moody\documents\github\library-employees-master\project 1 - library employees\books.h(5): error C2039: 'string': is not a member of 'std'
  c:\users\moody\source\repos\library queues\library queues\predefined c++ types (compiler internal)(256): note: see declaration of 'std'
c:\users\moody\documents\github\library-employees-master\project 1 - library employees\books.h(5): error C3646: 'title': unknown override specifier
c:\users\moody\documents\github\library-employees-master\project 1 - library employees\books.h(5): error C4430: missing type specifier - int assumed. Note: C++ does not support default-int
c:\users\moody\documents\github\library-employees-master\project 1 - library employees\books.h(6): error C3646: 'circStart': unknown override specifier
c:\users\moody\documents\github\library-employees-master\project 1 - library employees\books.h(6): error C4430: missing type specifier - int assumed. Note: C++ does not support default-int
c:\users\moody\documents\github\library-employees-master\project 1 - library employees\books.h(8): error C3646: 'cirEnd': unknown override specifier
c:\users\moody\documents\github\library-employees-master\project 1 - library employees\books.h(8): error C2144: syntax error: 'bool' should be preceded by ';'
c:\users\moody\documents\github\library-employees-master\project 1 - library employees\books.h(8): error C4430: missing type specifier - int assumed. Note: C++ does not support default-int
c:\users\moody\documents\github\library-employees-master\project 1 - library employees\books.h(9): error C2039: 'queue': is not a member of 'std'
  c:\users\moody\source\repos\library queues\library queues\predefined c++ types (compiler internal)(256): note: see declaration of 'std'
c:\users\moody\documents\github\library-employees-master\project 1 - library employees\books.h(9): error C2143: syntax error: missing ';' before '<'
c:\users\moody\documents\github\library-employees-master\project 1 - library employees\books.h(9): error C4430: missing type specifier - int assumed. Note: C++ does not support default-int
c:\users\moody\documents\github\library-employees-master\project 1 - library employees\books.h(9): error C2238: unexpected token(s) preceding ';'
  Date.cpp
c:\users\moody\documents\github\library-employees-master\project 1 - library employees\stringtokenizer.h(27): error C4596: 'has_more_tokens': illegal qualified name in member declaration
c:\users\moody\documents\github\library-employees-master\project 1 - library employees\stringtokenizer.h(35): error C4596: 'next_token': illegal qualified name in member declaration
c:\users\moody\documents\github\library-employees-master\project 1 - library employees\stringtokenizer.h(53): error C4596: 'find_next': illegal qualified name in member declaration
c:\users\moody\documents\github\library-employees-master\project 1 - library employees\date.cpp(4): error C2511: 'Date::Date(void)': overloaded member function not found in 'Date'
  c:\users\moody\documents\github\library-employees-master\project 1 - library employees\date.h(21): note: see declaration of 'Date'
  Library.cpp
c:\users\moody\documents\github\library-employees-master\project 1 - library employees\books.h(6): error C3646: 'circStart': unknown override specifier
c:\users\moody\documents\github\library-employees-master\project 1 - library employees\books.h(6): error C4430: missing type specifier - int assumed. Note: C++ does not support default-int
c:\users\moody\documents\github\library-employees-master\project 1 - library employees\books.h(8): error C3646: 'cirEnd': unknown override specifier
c:\users\moody\documents\github\library-employees-master\project 1 - library employees\books.h(8): error C2144: syntax error: 'bool' should be preceded by ';'
c:\users\moody\documents\github\library-employees-master\project 1 - library employees\books.h(8): error C4430: missing type specifier - int assumed. Note: C++ does not support default-int
c:\users\moody\documents\github\library-employees-master\project 1 - library employees\books.h(9): error C2065: 'Employees': undeclared identifier
c:\users\moody\documents\github\library-employees-master\project 1 - library employees\books.h(9): error C2923: 'std::queue': 'Employees' is not a valid template type argument for parameter '_Ty'
c:\program files (x86)\microsoft visual studio\2017\community\vc\tools\msvc\14.15.26726\include\queue(20): error C2903: 'allocator': symbol is neither a class template nor a function template
c:\users\moody\documents\github\library-employees-master\project 1 - library employees\books.h(9): error C2903: 'deque': symbol is neither a class template nor a function template
c:\users\moody\documents\github\library-employees-master\project 1 - library employees\books.h(9): error C3203: 'deque': unspecialized class template can't be used as a template argument for template parameter '_Container', expected a real type
c:\users\moody\documents\github\library-employees-master\project 1 - library employees\stringtokenizer.h(27): error C4596: 'has_more_tokens': illegal qualified name in member declaration
c:\users\moody\documents\github\library-employees-master\project 1 - library employees\stringtokenizer.h(35): error C4596: 'next_token': illegal qualified name in member declaration
c:\users\moody\documents\github\library-employees-master\project 1 - library employees\stringtokenizer.h(53): error C4596: 'find_next': illegal qualified name in member declaration
  Source.cpp
c:\users\moody\documents\github\library-employees-master\project 1 - library employees\books.h(6): error C3646: 'circStart': unknown override specifier
c:\users\moody\documents\github\library-employees-master\project 1 - library employees\books.h(6): error C4430: missing type specifier - int assumed. Note: C++ does not support default-int
c:\users\moody\documents\github\library-employees-master\project 1 - library employees\books.h(8): error C3646: 'cirEnd': unknown override specifier
c:\users\moody\documents\github\library-employees-master\project 1 - library employees\books.h(8): error C2144: syntax error: 'bool' should be preceded by ';'
c:\users\moody\documents\github\library-employees-master\project 1 - library employees\books.h(8): error C4430: missing type specifier - int assumed. Note: C++ does not support default-int
c:\users\moody\documents\github\library-employees-master\project 1 - library employees\books.h(9): error C2065: 'Employees': undeclared identifier
c:\users\moody\documents\github\library-employees-master\project 1 - library employees\books.h(9): error C2923: 'std::queue': 'Employees' is not a valid template type argument for parameter '_Ty'
c:\program files (x86)\microsoft visual studio\2017\community\vc\tools\msvc\14.15.26726\include\queue(20): error C2903: 'allocator': symbol is neither a class template nor a function template
c:\users\moody\documents\github\library-employees-master\project 1 - library employees\books.h(9): error C2903: 'deque': symbol is neither a class template nor a function template
c:\users\moody\documents\github\library-employees-master\project 1 - library employees\books.h(9): error C3203: 'deque': unspecialized class template can't be used as a template argument for template parameter '_Container', expected a real type
c:\users\moody\documents\github\library-employees-master\project 1 - library employees\stringtokenizer.h(27): error C4596: 'has_more_tokens': illegal qualified name in member declaration
c:\users\moody\documents\github\library-employees-master\project 1 - library employees\stringtokenizer.h(35): error C4596: 'next_token': illegal qualified name in member declaration
c:\users\moody\documents\github\library-employees-master\project 1 - library employees\stringtokenizer.h(53): error C4596: 'find_next': illegal qualified name in member declaration
  Generating Code...
